<?xml version="1.0" encoding="UTF-8"?>
<testsuite xmlns:xsi="http://www.w3.org/2001/XMLSchema-instance" xsi:noNamespaceSchemaLocation="https://maven.apache.org/surefire/maven-surefire-plugin/xsd/surefire-test-report-3.0.xsd" version="3.0" name="TestSuite" time="52.84" tests="2" errors="0" skipped="0" failures="0">
  <properties>
[...]
</properties>
  <testcase name="logoutTest" classname="com.HugsForBugs.TestScripts.TestScenario1Test" time="6.805">
    <system-out><![CDATA[--Browser edge launched successfully--
logoutTest => test script execution started
Amazon Sign In
It came back to Amazon Sign in
]]></system-out>
    <system-err><![CDATA[SLF4J: Failed to load class "org.slf4j.impl.StaticLoggerBinder".
SLF4J: Defaulting to no-operation (NOP) logger implementation
SLF4J: See http://www.slf4j.org/codes.html#StaticLoggerBinder for further details.
Starting Microsoft Edge WebDriver 114.0.1823.43 (ef5b3acd8c1da336e811e5d8552a61c0965816bb) on port 24486
To submit feedback, report a bug, or suggest new features, please visit https://github.com/MicrosoftEdge/EdgeWebDriver

Only local connections are allowed.
Please see https://aka.ms/WebDriverSecurity for suggestions on keeping Microsoft Edge WebDriver safe.

Microsoft Edge WebDriver was started successfully.
Jun 15, 2023 2:17:25 PM org.openqa.selenium.remote.ProtocolHandshake createSession
INFO: Detected dialect: W3C
]]></system-err>
  </testcase>
  <testcase name="homepageTest" classname="com.HugsForBugs.TestScripts.TestScenario2Test" time="28.496">
    <system-out><![CDATA[logoutTest => is Passed
--Browser edge launched successfully--
homepageTest => test script execution started
Select a Payment Method - Amazon.in Checkout
]]></system-out>
    <system-err><![CDATA[Starting Microsoft Edge WebDriver 114.0.1823.43 (ef5b3acd8c1da336e811e5d8552a61c0965816bb) on port 33265
To submit feedback, report a bug, or suggest new features, please visit https://github.com/MicrosoftEdge/EdgeWebDriver

Only local connections are allowed.
Please see https://aka.ms/WebDriverSecurity for suggestions on keeping Microsoft Edge WebDriver safe.

Microsoft Edge WebDriver was started successfully.
Jun 15, 2023 2:17:39 PM org.openqa.selenium.remote.ProtocolHandshake createSession
INFO: Detected dialect: W3C
]]></system-err>
  </testcase>
</testsuite>