<?xml version="1.0" encoding="UTF-8"?>
<testng-results ignored="0" total="2" passed="2" failed="0" skipped="0">
  <reporter-output>
    <line>
      <![CDATA[--Browser edge launched successfully--]]>
    </line>
    <line>
      <![CDATA[logoutTest => test script execution started]]>
    </line>
    <line>
      <![CDATA[logoutTest => is Passed]]>
    </line>
    <line>
      <![CDATA[--Browser edge launched successfully--]]>
    </line>
    <line>
      <![CDATA[homepageTest => test script execution started]]>
    </line>
    <line>
      <![CDATA[homepageTest => is Passed]]>
    </line>
  </reporter-output>
  <suite started-at="2023-06-15T14:17:22 IST" name="Suite" finished-at="2023-06-15T14:18:13 IST" duration-ms="51432">
    <groups>
    </groups>
    <test started-at="2023-06-15T14:17:22 IST" name="Test" finished-at="2023-06-15T14:18:13 IST" duration-ms="51432">
      <class name="com.HugsForBugs.TestScripts.TestScenario2Test">
        <test-method is-config="true" signature="bcConfig(java.lang.String)[pri:0, instance:com.HugsForBugs.TestScripts.TestScenario2Test@1bb1fde8]" started-at="2023-06-15T14:17:37 IST" name="bcConfig" finished-at="2023-06-15T14:17:39 IST" duration-ms="2449" status="PASS">
          <params>
            <param index="0">
              <value>
                <![CDATA[edge]]>
              </value>
            </param>
          </params>
          <reporter-output>
            <line>
              <![CDATA[--Browser edge launched successfully--]]>
            </line>
          </reporter-output>
        </test-method> <!-- bcConfig -->
        <test-method is-config="true" signature="launch()[pri:0, instance:com.HugsForBugs.TestScripts.TestScenario2Test@1bb1fde8]" started-at="2023-06-15T14:17:39 IST" name="launch" finished-at="2023-06-15T14:17:45 IST" duration-ms="5362" status="PASS">
          <reporter-output>
          </reporter-output>
        </test-method> <!-- launch -->
        <test-method signature="homepageTest()[pri:0, instance:com.HugsForBugs.TestScripts.TestScenario2Test@1bb1fde8]" started-at="2023-06-15T14:17:45 IST" name="homepageTest" finished-at="2023-06-15T14:18:13 IST" duration-ms="28496" status="PASS">
          <reporter-output>
            <line>
              <![CDATA[homepageTest => test script execution started]]>
            </line>
            <line>
              <![CDATA[homepageTest => is Passed]]>
            </line>
          </reporter-output>
        </test-method> <!-- homepageTest -->
      </class> <!-- com.HugsForBugs.TestScripts.TestScenario2Test -->
      <class name="com.HugsForBugs.TestScripts.TestScenario1Test">
        <test-method is-config="true" signature="bcConfig(java.lang.String)[pri:0, instance:com.HugsForBugs.TestScripts.TestScenario1Test@6bb75258]" started-at="2023-06-15T14:17:22 IST" name="bcConfig" finished-at="2023-06-15T14:17:25 IST" duration-ms="2940" status="PASS">
          <params>
            <param index="0">
              <value>
                <![CDATA[edge]]>
              </value>
            </param>
          </params>
          <reporter-output>
            <line>
              <![CDATA[--Browser edge launched successfully--]]>
            </line>
          </reporter-output>
        </test-method> <!-- bcConfig -->
        <test-method is-config="true" signature="launch()[pri:0, instance:com.HugsForBugs.TestScripts.TestScenario1Test@6bb75258]" started-at="2023-06-15T14:17:25 IST" name="launch" finished-at="2023-06-15T14:17:30 IST" duration-ms="5203" status="PASS">
          <reporter-output>
          </reporter-output>
        </test-method> <!-- launch -->
        <test-method signature="logoutTest()[pri:0, instance:com.HugsForBugs.TestScripts.TestScenario1Test@6bb75258]" started-at="2023-06-15T14:17:30 IST" name="logoutTest" finished-at="2023-06-15T14:17:37 IST" duration-ms="6805" status="PASS">
          <reporter-output>
            <line>
              <![CDATA[logoutTest => test script execution started]]>
            </line>
            <line>
              <![CDATA[logoutTest => is Passed]]>
            </line>
          </reporter-output>
        </test-method> <!-- logoutTest -->
      </class> <!-- com.HugsForBugs.TestScripts.TestScenario1Test -->
    </test> <!-- Test -->
  </suite> <!-- Suite -->
</testng-results>
