<?xml version="1.0" encoding="UTF-8"?>
<testng-results ignored="0" total="2" passed="2" failed="0" skipped="0">
  <reporter-output>
    <line>
      <![CDATA[--Browser edge launched successfully--]]>
    </line>
    <line>
      <![CDATA[logoutTest => test script execution started]]>
    </line>
    <line>
      <![CDATA[logoutTest => is Passed]]>
    </line>
    <line>
      <![CDATA[--browser closed successfull--]]>
    </line>
    <line>
      <![CDATA[--Browser edge launched successfully--]]>
    </line>
    <line>
      <![CDATA[homepageTest => test script execution started]]>
    </line>
    <line>
      <![CDATA[homepageTest => is Passed]]>
    </line>
    <line>
      <![CDATA[--browser closed successfull--]]>
    </line>
  </reporter-output>
  <suite started-at="2023-06-14T15:14:50 IST" name="Suite" finished-at="2023-06-14T15:16:05 IST" duration-ms="74894">
    <groups>
    </groups>
    <test started-at="2023-06-14T15:14:50 IST" name="Test" finished-at="2023-06-14T15:16:05 IST" duration-ms="74894">
      <class name="com.HugsForBugs.TestScripts.TestScenario2Test">
        <test-method is-config="true" signature="bcConfig(java.lang.String)[pri:0, instance:com.HugsForBugs.TestScripts.TestScenario2Test@6aecbb8d]" started-at="2023-06-14T15:15:16 IST" name="bcConfig" finished-at="2023-06-14T15:15:19 IST" duration-ms="2897" status="PASS">
          <params>
            <param index="0">
              <value>
                <![CDATA[edge]]>
              </value>
            </param>
          </params>
          <reporter-output>
            <line>
              <![CDATA[--Browser edge launched successfully--]]>
            </line>
          </reporter-output>
        </test-method> <!-- bcConfig -->
        <test-method is-config="true" signature="launch()[pri:0, instance:com.HugsForBugs.TestScripts.TestScenario2Test@6aecbb8d]" started-at="2023-06-14T15:15:19 IST" name="launch" finished-at="2023-06-14T15:15:27 IST" duration-ms="8562" status="PASS">
          <reporter-output>
          </reporter-output>
        </test-method> <!-- launch -->
        <test-method signature="homepageTest()[pri:0, instance:com.HugsForBugs.TestScripts.TestScenario2Test@6aecbb8d]" started-at="2023-06-14T15:15:27 IST" name="homepageTest" finished-at="2023-06-14T15:16:05 IST" duration-ms="37420" status="PASS">
          <reporter-output>
            <line>
              <![CDATA[homepageTest => test script execution started]]>
            </line>
            <line>
              <![CDATA[homepageTest => is Passed]]>
            </line>
          </reporter-output>
        </test-method> <!-- homepageTest -->
        <test-method is-config="true" signature="acConfig()[pri:0, instance:com.HugsForBugs.TestScripts.TestScenario2Test@6aecbb8d]" started-at="2023-06-14T15:16:05 IST" name="acConfig" finished-at="2023-06-14T15:16:05 IST" duration-ms="75" status="PASS">
          <reporter-output>
            <line>
              <![CDATA[--browser closed successfull--]]>
            </line>
          </reporter-output>
        </test-method> <!-- acConfig -->
      </class> <!-- com.HugsForBugs.TestScripts.TestScenario2Test -->
      <class name="com.HugsForBugs.TestScripts.TestScenario1Test">
        <test-method is-config="true" signature="bcConfig(java.lang.String)[pri:0, instance:com.HugsForBugs.TestScripts.TestScenario1Test@36f48b4]" started-at="2023-06-14T15:14:50 IST" name="bcConfig" finished-at="2023-06-14T15:14:55 IST" duration-ms="4857" status="PASS">
          <params>
            <param index="0">
              <value>
                <![CDATA[edge]]>
              </value>
            </param>
          </params>
          <reporter-output>
            <line>
              <![CDATA[--Browser edge launched successfully--]]>
            </line>
          </reporter-output>
        </test-method> <!-- bcConfig -->
        <test-method is-config="true" signature="launch()[pri:0, instance:com.HugsForBugs.TestScripts.TestScenario1Test@36f48b4]" started-at="2023-06-14T15:14:55 IST" name="launch" finished-at="2023-06-14T15:15:04 IST" duration-ms="8672" status="PASS">
          <reporter-output>
          </reporter-output>
        </test-method> <!-- launch -->
        <test-method signature="logoutTest()[pri:0, instance:com.HugsForBugs.TestScripts.TestScenario1Test@36f48b4]" started-at="2023-06-14T15:15:04 IST" name="logoutTest" finished-at="2023-06-14T15:15:16 IST" duration-ms="11732" status="PASS">
          <reporter-output>
            <line>
              <![CDATA[logoutTest => test script execution started]]>
            </line>
            <line>
              <![CDATA[logoutTest => is Passed]]>
            </line>
          </reporter-output>
        </test-method> <!-- logoutTest -->
        <test-method is-config="true" signature="acConfig()[pri:0, instance:com.HugsForBugs.TestScripts.TestScenario1Test@36f48b4]" started-at="2023-06-14T15:15:16 IST" name="acConfig" finished-at="2023-06-14T15:15:16 IST" duration-ms="270" status="PASS">
          <reporter-output>
            <line>
              <![CDATA[--browser closed successfull--]]>
            </line>
          </reporter-output>
        </test-method> <!-- acConfig -->
      </class> <!-- com.HugsForBugs.TestScripts.TestScenario1Test -->
    </test> <!-- Test -->
  </suite> <!-- Suite -->
</testng-results>
