<?xml version="1.0" encoding="UTF-8"?>
<testng-results ignored="0" total="1" passed="1" failed="0" skipped="0">
  <reporter-output>
    <line>
      <![CDATA[--Browser edge launched successfully--]]>
    </line>
    <line>
      <![CDATA[homepageTest => test script execution started]]>
    </line>
    <line>
      <![CDATA[homepageTest => is Passed]]>
    </line>
  </reporter-output>
  <suite started-at="2023-06-15T13:02:41 IST" name="Suite" finished-at="2023-06-15T13:03:30 IST" duration-ms="48865">
    <groups>
    </groups>
    <test started-at="2023-06-15T13:02:41 IST" name="Test" finished-at="2023-06-15T13:03:30 IST" duration-ms="48865">
      <class name="com.HugsForBugs.TestScripts.TestScenario2Test">
        <test-method is-config="true" signature="bcConfig(java.lang.String)[pri:0, instance:com.HugsForBugs.TestScripts.TestScenario2Test@2c104774]" started-at="2023-06-15T13:02:42 IST" name="bcConfig" finished-at="2023-06-15T13:02:45 IST" duration-ms="3495" status="PASS">
          <params>
            <param index="0">
              <value>
                <![CDATA[edge]]>
              </value>
            </param>
          </params>
          <reporter-output>
            <line>
              <![CDATA[--Browser edge launched successfully--]]>
            </line>
          </reporter-output>
        </test-method> <!-- bcConfig -->
        <test-method is-config="true" signature="launch()[pri:0, instance:com.HugsForBugs.TestScripts.TestScenario2Test@2c104774]" started-at="2023-06-15T13:02:45 IST" name="launch" finished-at="2023-06-15T13:02:53 IST" duration-ms="7462" status="PASS">
          <reporter-output>
          </reporter-output>
        </test-method> <!-- launch -->
        <test-method signature="homepageTest()[pri:0, instance:com.HugsForBugs.TestScripts.TestScenario2Test@2c104774]" started-at="2023-06-15T13:02:53 IST" name="homepageTest" finished-at="2023-06-15T13:03:30 IST" duration-ms="37650" status="PASS">
          <reporter-output>
            <line>
              <![CDATA[homepageTest => test script execution started]]>
            </line>
            <line>
              <![CDATA[homepageTest => is Passed]]>
            </line>
          </reporter-output>
        </test-method> <!-- homepageTest -->
      </class> <!-- com.HugsForBugs.TestScripts.TestScenario2Test -->
    </test> <!-- Test -->
  </suite> <!-- Suite -->
</testng-results>
